[07-Jan-2022 15:29:40 Asia/Tokyo] 店舗情報取得API////////////////////////////////////////////////////
[07-Jan-2022 15:29:40 Asia/Tokyo] DB接続に成功
[07-Jan-2022 15:29:40 Asia/Tokyo] Error:SQLSTATE[42000]: Syntax error or access violation: 1305 FUNCTION shift_request.TRANSLATE does not exist
[07-Jan-2022 15:31:57 Asia/Tokyo] 店舗情報取得API////////////////////////////////////////////////////
[07-Jan-2022 15:31:57 Asia/Tokyo] DB接続に成功
[07-Jan-2022 15:31:57 Asia/Tokyo] row:Array
(
    [0] => Array
        (
            [stoid] => 2
            [sto_name] => 中央市民
        )

    [1] => Array
        (
            [stoid] => 3
            [sto_name] => アリオ加古川
        )

)

[07-Jan-2022 15:39:16 Asia/Tokyo] 社員番号重複チェック////////////////////////////////////////////////////
[07-Jan-2022 15:39:16 Asia/Tokyo] DB接続に成功
[07-Jan-2022 15:39:16 Asia/Tokyo] row:
[07-Jan-2022 15:39:18 Asia/Tokyo] 新規ユーザー登録////////////////////////////////////////////////////
[07-Jan-2022 15:39:18 Asia/Tokyo] POST:Array
(
    [0] => Array
        (
            [empid] => 123333
            [emp_name] => 123456
            [stoid] => 3
            [password] => 123456
            [auth_signup_password] => 123456
        )

)

[07-Jan-2022 15:39:18 Asia/Tokyo] ユーザー新規登録開始
[07-Jan-2022 15:40:31 Asia/Tokyo] 店舗情報取得API////////////////////////////////////////////////////
[07-Jan-2022 15:40:31 Asia/Tokyo] DB接続に成功
[07-Jan-2022 15:40:31 Asia/Tokyo] row:Array
(
    [0] => Array
        (
            [stoid] => 2
            [sto_name] => 中央市民
        )

    [1] => Array
        (
            [stoid] => 3
            [sto_name] => アリオ加古川
        )

)

[07-Jan-2022 15:40:32 Asia/Tokyo] 新規ユーザー登録////////////////////////////////////////////////////
[07-Jan-2022 15:40:32 Asia/Tokyo] POST:Array
(
    [0] => Array
        (
            [empid] => 123333
            [emp_name] => 123456
            [stoid] => 3
            [password] => 123456
            [auth_signup_password] => 123456
        )

)

[07-Jan-2022 15:40:32 Asia/Tokyo] ユーザー新規登録開始
[07-Jan-2022 15:40:41 Asia/Tokyo] 新規ユーザー登録////////////////////////////////////////////////////
[07-Jan-2022 15:40:41 Asia/Tokyo] POST:Array
(
    [0] => Array
        (
            [empid] => 123333
            [emp_name] => 123456
            [stoid] => 3
            [password] => 123456
            [auth_signup_password] => 123456
        )

)

[07-Jan-2022 15:40:41 Asia/Tokyo] ユーザー新規登録開始
[07-Jan-2022 15:40:59 Asia/Tokyo] 新規ユーザー登録////////////////////////////////////////////////////
[07-Jan-2022 15:40:59 Asia/Tokyo] POST:Array
(
    [0] => Array
        (
            [empid] => 123333
            [emp_name] => 123456
            [stoid] => 3
            [password] => 123456
            [auth_signup_password] => 4649
        )

)

[07-Jan-2022 15:40:59 Asia/Tokyo] ユーザー新規登録開始
[07-Jan-2022 15:40:59 Asia/Tokyo] 入力チェック完了
[07-Jan-2022 15:40:59 Asia/Tokyo] DB接続に成功
[07-Jan-2022 15:40:59 Asia/Tokyo] PDOStatement Object
(
    [queryString] => INSERT INTO `kin_employee`(`empid`, `stoid`, `emp_name`, `password`, `updated_at`, `created_at`) VALUES (:empid, :stoid, :emp_name, :password, :updated_at, :created_at) 
)

[07-Jan-2022 15:40:59 Asia/Tokyo] tokenaff0b859b55ecc7458bc8a3d6028508c06a93b40722ea21ccd477607aa60d328
[07-Jan-2022 15:42:59 Asia/Tokyo] 店舗情報取得API////////////////////////////////////////////////////
[07-Jan-2022 15:42:59 Asia/Tokyo] DB接続に成功
[07-Jan-2022 15:42:59 Asia/Tokyo] row:Array
(
    [0] => Array
        (
            [stoid] => 2
            [sto_name] => 中央市民
        )

    [1] => Array
        (
            [stoid] => 3
            [sto_name] => アリオ加古川
        )

)

[07-Jan-2022 15:43:05 Asia/Tokyo] 店舗情報取得API////////////////////////////////////////////////////
[07-Jan-2022 15:43:05 Asia/Tokyo] DB接続に成功
[07-Jan-2022 15:43:05 Asia/Tokyo] row:Array
(
    [0] => Array
        (
            [stoid] => 2
            [sto_name] => 中央市民
        )

    [1] => Array
        (
            [stoid] => 3
            [sto_name] => アリオ加古川
        )

)

[07-Jan-2022 15:43:08 Asia/Tokyo] 社員番号重複チェック////////////////////////////////////////////////////
[07-Jan-2022 15:43:08 Asia/Tokyo] DB接続に成功
[07-Jan-2022 15:43:08 Asia/Tokyo] row:
[07-Jan-2022 15:43:09 Asia/Tokyo] 新規ユーザー登録////////////////////////////////////////////////////
[07-Jan-2022 15:43:09 Asia/Tokyo] POST:Array
(
    [0] => Array
        (
            [empid] => 123334
            [emp_name] => 123456
            [stoid] => 3
            [password] => 123456
            [auth_signup_password] => 4649
        )

)

[07-Jan-2022 15:43:09 Asia/Tokyo] ユーザー新規登録開始
[07-Jan-2022 15:43:10 Asia/Tokyo] 入力チェック完了
[07-Jan-2022 15:43:10 Asia/Tokyo] DB接続に成功
[07-Jan-2022 15:43:10 Asia/Tokyo] PDOStatement Object
(
    [queryString] => INSERT INTO `kin_employee`(`empid`, `stoid`, `emp_name`, `password`, `updated_at`, `created_at`) VALUES (:empid, :stoid, :emp_name, :password, :updated_at, :created_at) 
)

[07-Jan-2022 15:43:10 Asia/Tokyo] token121fc9865f7fd7a6b5c8cc43aac3bbb5441c027cf7b36d9c1fbf477b3045032b
[07-Jan-2022 15:45:12 Asia/Tokyo] 店舗情報取得API////////////////////////////////////////////////////
[07-Jan-2022 15:45:12 Asia/Tokyo] DB接続に成功
[07-Jan-2022 15:45:12 Asia/Tokyo] row:Array
(
    [0] => Array
        (
            [stoid] => 2
            [sto_name] => 中央市民
        )

    [1] => Array
        (
            [stoid] => 3
            [sto_name] => アリオ加古川
        )

)

[07-Jan-2022 15:45:16 Asia/Tokyo] 社員番号重複チェック////////////////////////////////////////////////////
[07-Jan-2022 15:45:16 Asia/Tokyo] DB接続に成功
[07-Jan-2022 15:45:16 Asia/Tokyo] row:Array
(
    [empid] => 123456
)

[07-Jan-2022 15:45:19 Asia/Tokyo] 社員番号重複チェック////////////////////////////////////////////////////
[07-Jan-2022 15:45:19 Asia/Tokyo] DB接続に成功
[07-Jan-2022 15:45:19 Asia/Tokyo] row:
[07-Jan-2022 15:45:30 Asia/Tokyo] 新規ユーザー登録////////////////////////////////////////////////////
[07-Jan-2022 15:45:30 Asia/Tokyo] POST:Array
(
    [0] => Array
        (
            [empid] => 145697
            [emp_name] => 99999て
            [stoid] => 3
            [password] => 12345
            [auth_signup_password] => 4649
        )

)

[07-Jan-2022 15:45:30 Asia/Tokyo] ユーザー新規登録開始
[07-Jan-2022 15:45:30 Asia/Tokyo] 入力チェック完了
[07-Jan-2022 15:45:30 Asia/Tokyo] DB接続に成功
[07-Jan-2022 15:45:30 Asia/Tokyo] PDOStatement Object
(
    [queryString] => INSERT INTO `kin_employee`(`empid`, `stoid`, `emp_name`, `password`, `updated_at`, `created_at`) VALUES (:empid, :stoid, :emp_name, :password, :updated_at, :created_at) 
)

[07-Jan-2022 15:45:30 Asia/Tokyo] token63ba93a44a40541cacd9467e5fa30baf2505554fe2dd290e30e70a6357a83b74
[07-Jan-2022 15:45:37 Asia/Tokyo] 店舗情報取得API////////////////////////////////////////////////////
[07-Jan-2022 15:45:37 Asia/Tokyo] DB接続に成功
[07-Jan-2022 15:45:37 Asia/Tokyo] row:Array
(
    [0] => Array
        (
            [stoid] => 2
            [sto_name] => 中央市民
        )

    [1] => Array
        (
            [stoid] => 3
            [sto_name] => アリオ加古川
        )

)

[07-Jan-2022 15:45:38 Asia/Tokyo] 社員番号重複チェック////////////////////////////////////////////////////
[07-Jan-2022 15:45:38 Asia/Tokyo] DB接続に成功
[07-Jan-2022 15:45:38 Asia/Tokyo] row:Array
(
    [empid] => 123456
)

[07-Jan-2022 15:45:41 Asia/Tokyo] 社員番号重複チェック////////////////////////////////////////////////////
[07-Jan-2022 15:45:41 Asia/Tokyo] DB接続に成功
[07-Jan-2022 15:45:41 Asia/Tokyo] row:
[07-Jan-2022 15:45:49 Asia/Tokyo] 新規ユーザー登録////////////////////////////////////////////////////
[07-Jan-2022 15:45:49 Asia/Tokyo] POST:Array
(
    [0] => Array
        (
            [empid] => 999887
            [emp_name] => 123333
            [stoid] => 3
            [password] => ttest
            [auth_signup_password] => 4649
        )

)

[07-Jan-2022 15:45:49 Asia/Tokyo] ユーザー新規登録開始
[07-Jan-2022 15:45:49 Asia/Tokyo] 入力チェック完了
[07-Jan-2022 15:45:49 Asia/Tokyo] DB接続に成功
[07-Jan-2022 15:45:49 Asia/Tokyo] PDOStatement Object
(
    [queryString] => INSERT INTO `kin_employee`(`empid`, `stoid`, `emp_name`, `password`, `updated_at`, `created_at`) VALUES (:empid, :stoid, :emp_name, :password, :updated_at, :created_at) 
)

[07-Jan-2022 15:45:49 Asia/Tokyo] token4b26c7be0cda4eb32888bc4453f9fb3c720c6fda5bee237530b56a0085b34d38
